###################Hardware Details>#####################################
========================Sys Info==========================================
SYSTEM-MANUFACTURER: LENOVO
SYSTEM-PRODUCT-NAME: 82C4
SYSTEM-SERIAL-NUMBER: PF1VBVAC
SYSTEM-UUID: c74f5e9f-e6cb-11ea-80e7-5405db30f78b
SYSTEM-FAMILY: V14-IIL
======================Baseboard Info======================================
BASEBOARD-MANUFACTURER: LENOVO
BASEBOARD-PRODUCT-NAME: LNVNB161216
BASEBOARD-SERIAL-NUMBER: PF1VBVAC
======================Chasis Info=========================================
CHASSIS-MANUFACTURER: LENOVO
CHASSIS-TYPE: Notebook
CHASSIS-SERIAL-NUMBER: PF1VBVAC
CHASSIS-ASSET-TAG: NO Asset Tag
======================CPU Info============================================
CPU-VERSION:  Intel(R) Core(TM) i3-1005G1 CPU @ 1.20GHz
CPU-FAMILY:  Core i3
MAX-SPEED:   3400 MHz
CORE-COUNT:  2
THREAD-COUNT:  4
======================Memory Info=========================================
H/W path                 Device     Class          Description
==============================================================
/0/0                                memory         128KiB BIOS
/0/4/6                              memory         64KiB L1 cache
/0/4/7                              memory         1MiB L2 cache
/0/4/8                              memory         4MiB L3 cache
/0/5                                memory         96KiB L1 cache
/0/26                               memory         4GiB System Memory
/0/26/0                             memory         [empty]
/0/26/1                             memory         4GiB Row of chips DDR4 Synchronous 2667 MHz (0.4 ns)
/0/100/14.2                         memory         RAM memory
======================Disk Info===========================================
H/W path                 Device     Class          Description
==============================================================
/0/100/14/0/1/0.0.0      /dev/sdb   disk           8004MB Cruzer Blade
/0/100/14/0/1/0.0.0/0    /dev/sdb   disk           8004MB 
/0/100/17/0.0.0          /dev/sda   disk           1TB ST1000LM049-2GH1
=====================Network Info=========================================
H/W path                 Device     Class          Description
==============================================================
/0/100/1d/0              wlp1s0     network        Realtek Semiconductor Co., Ltd.
=====================Monitor Info=========================================
SCREEN-RESOLUTION: 1366x768
##########################################################################
Information generated on Sat Nov 21 11:36:55 AM EST 2020
