###################Hardware Details>#####################################
========================Sys Info==========================================
SYSTEM-MANUFACTURER: ASUS
SYSTEM-PRODUCT-NAME: All Series
SYSTEM-SERIAL-NUMBER: System Serial Number
SYSTEM-UUID: 7dc94125-d59e-1a2e-5db0-f832e4a1aafa
SYSTEM-FAMILY: ASUS MB
======================Baseboard Info======================================
BASEBOARD-MANUFACTURER: ASUSTeK COMPUTER INC.
BASEBOARD-PRODUCT-NAME: H81M-CS
BASEBOARD-SERIAL-NUMBER: 151056803405255
======================Chasis Info=========================================
CHASSIS-MANUFACTURER: Chassis Manufacture
CHASSIS-TYPE: Desktop
CHASSIS-SERIAL-NUMBER: Chassis Serial Number
CHASSIS-ASSET-TAG: Asset-1234567890
======================CPU Info============================================
CPU-VERSION:  Intel(R) Core(TM) i5-4430S CPU @ 2.70GHz
CPU-FAMILY:  Other
MAX-SPEED:   3900 MHz
CORE-COUNT:  4
THREAD-COUNT:  4
======================Memory Info=========================================
H/W path                 Device     Class          Description
==============================================================
/0/0                                memory         64KiB BIOS
/0/1                                memory         16GiB System memory
/0/1/0                              memory         8GiB DIMM DDR3 Synchronous 1600 MHz (0.6 ns)
/0/1/1                              memory         8GiB DIMM DDR3 Synchronous 1600 MHz (0.6 ns)
/0/3b                               memory         256KiB L1 cache
/0/3c                               memory         1MiB L2 cache
/0/3d                               memory         6MiB L3 cache
======================Disk Info===========================================
H/W path                 Device     Class          Description
==============================================================
/0/100/14/0/5/0.0.0      /dev/sdb   disk           31GB Cruzer Blade
/0/100/14/0/5/0.0.0/0    /dev/sdb   disk           31GB 
/0/100/1f.2/0.0.0        /dev/sda   disk           240GB P4-240
=====================Network Info=========================================
H/W path                 Device     Class          Description
==============================================================
/0/100/1c.2/0            enp3s0     network        RTL8111/8168/8411 PCI Express Gigabit Ethernet Controller
=====================Monitor Info=========================================
SCREEN-RESOLUTION: 1024x768
##########################################################################
Information generated on Mon Jan 18 01:56:55 AM EST 2021
