###################Hardware Details>#####################################
========================Sys Info==========================================
SYSTEM-MANUFACTURER: TOSHIBA
SYSTEM-PRODUCT-NAME: TECRA Z40-B
SYSTEM-SERIAL-NUMBER: YF036785H
SYSTEM-UUID: 80f8a7a3-0784-e511-8057-b07d96036785
SYSTEM-FAMILY: 0000000000
======================Baseboard Info======================================
BASEBOARD-MANUFACTURER: TOSHIBA
BASEBOARD-PRODUCT-NAME: TECRA Z40-B
BASEBOARD-SERIAL-NUMBER: C0393305A0FY400L
======================Chasis Info=========================================
CHASSIS-MANUFACTURER: TOSHIBA
CHASSIS-TYPE: Notebook
CHASSIS-SERIAL-NUMBER: YF036785H
CHASSIS-ASSET-TAG: 0000000000
======================CPU Info============================================
CPU-VERSION:  Intel(R) Core(TM) i5-5300U CPU @ 2.30GHz
CPU-FAMILY:  Core i5
MAX-SPEED:   2900 MHz
CORE-COUNT:  2
THREAD-COUNT:  4
======================Memory Info=========================================
H/W path                 Device     Class          Description
==============================================================
/0/0                                memory         128KiB BIOS
/0/1e                               memory         32KiB L1 cache
/0/1f/20                            memory         32KiB L1 cache
/0/1f/21                            memory         256KiB L2 cache
/0/1f/22                            memory         3MiB L3 cache
/0/23                               memory         8GiB System Memory
/0/23/0                             memory         8GiB SODIMM DDR3 Synchronous 1600 MHz (0.6 ns)
/0/23/1                             memory         DIMM [empty]
======================Disk Info===========================================
H/W path                 Device     Class          Description
==============================================================
/0/100/14/0/1/0.0.0      /dev/sdb   disk           8004MB Cruzer Blade
/0/100/14/0/1/0.0.0/0    /dev/sdb   disk           8004MB 
/0/100/1f.2/0.0.0        /dev/sda   disk           256GB SAMSUNG SSD PM87
=====================Network Info=========================================
H/W path                 Device     Class          Description
==============================================================
/0/100/19                enp0s25    network        Ethernet Connection (3) I218-LM
/0/100/1c.2/0            wlp2s0     network        Wireless 7265
=====================Monitor Info=========================================
SCREEN-RESOLUTION: 1600x900
##########################################################################
Information generated on Tue Jan 26 02:55:55 AM EST 2021
